ARM GAS  C:\Users\Lukef\AppData\Local\Temp\ccL7A0XE.s 			page 1


   1              		.syntax unified
   2              		.cpu cortex-m3
   3              		.fpu softvfp
   4              		.eabi_attribute 20, 1
   5              		.eabi_attribute 21, 1
   6              		.eabi_attribute 23, 3
   7              		.eabi_attribute 24, 1
   8              		.eabi_attribute 25, 1
   9              		.eabi_attribute 26, 1
  10              		.eabi_attribute 30, 1
  11              		.eabi_attribute 34, 1
  12              		.eabi_attribute 18, 4
  13              		.thumb
  14              		.syntax unified
  15              		.file	"main.c"
  16              		.text
  17              	.Ltext0:
  18              		.cfi_sections	.debug_frame
  19              		.global	__aeabi_ui2f
  20              		.global	__aeabi_i2f
  21              		.global	__aeabi_fdiv
  22              		.section	.text.main,"ax",%progbits
  23              		.align	2
  24              		.global	main
  25              		.thumb
  26              		.thumb_func
  27              		.type	main, %function
  28              	main:
  29              	.LFB63:
  30              		.file 1 "main.c"
   1:main.c        **** /* ========================================
   2:main.c        ****  *
   3:main.c        ****  * PSoC Thermistor lab
   4:main.c        ****  *
   5:main.c        ****  * ========================================
   6:main.c        **** */
   7:main.c        **** // The following setting must be made to use the math.h and float.h libraries
   8:main.c        **** // Project--> Build Settings--> Linker--> General--> Additional Libraries: m
   9:main.c        **** #include "project.h"    // Automatically generated code defines the chip being used
  10:main.c        **** #include "math.h"       // Math functions
  11:main.c        **** #include "float.h"      // Floating point routines
  12:main.c        **** 
  13:main.c        **** // Global variable declarations
  14:main.c        **** uint32 loop_counter, LCD_write_counter, thermistor_R;
  15:main.c        **** uint16 R_1_result, thermistor_result;
  16:main.c        **** int16 thermistor_mv, R_1_mv, temperature, temperature_F;
  17:main.c        **** float R_1_result_f, R_1_mv_f, thermistor_mv_f, ratio_f, voltage_f;
  18:main.c        **** float thermistor_RA_f, thermistor_RB_f;
  19:main.c        **** float current_mA_f, temperature_K_f, temperature_C_f;
  20:main.c        **** 
  21:main.c        **** int main(void)
  22:main.c        **** {
  31              		.loc 1 22 0
  32              		.cfi_startproc
  33              		@ Volatile: function does not return.
  34              		@ args = 0, pretend = 0, frame = 0
  35              		@ frame_needed = 0, uses_anonymous_args = 0
ARM GAS  C:\Users\Lukef\AppData\Local\Temp\ccL7A0XE.s 			page 2


  36 0000 80B5     		push	{r7, lr}
  37              		.cfi_def_cfa_offset 8
  38              		.cfi_offset 7, -8
  39              		.cfi_offset 14, -4
  23:main.c        ****     // Automatically generated
  24:main.c        ****     CyGlobalIntEnable; /* Enable global interrupts. */
  40              		.loc 1 24 0
  41              		.syntax unified
  42              	@ 24 "main.c" 1
  43 0002 62B6     		CPSIE   i
  44              	@ 0 "" 2
  25:main.c        **** 
  26:main.c        ****     // Enable the peripherals
  27:main.c        ****     ADC_DelSig_1_Start();
  45              		.loc 1 27 0
  46              		.thumb
  47              		.syntax unified
  48 0004 FFF7FEFF 		bl	ADC_DelSig_1_Start
  49              	.LVL0:
  28:main.c        ****     AMux_1_Start();
  50              		.loc 1 28 0
  51 0008 FFF7FEFF 		bl	AMux_1_Start
  52              	.LVL1:
  29:main.c        ****     
  30:main.c        ****     // Start the LCD
  31:main.c        ****     LCD_Start();
  53              		.loc 1 31 0
  54 000c FFF7FEFF 		bl	LCD_Start
  55              	.LVL2:
  32:main.c        ****     
  33:main.c        ****     // Test the LCD
  34:main.c        ****     LCD_Position(0,0);
  56              		.loc 1 34 0
  57 0010 0021     		movs	r1, #0
  58 0012 0846     		mov	r0, r1
  59 0014 FFF7FEFF 		bl	LCD_Position
  60              	.LVL3:
  35:main.c        ****     LCD_PrintString("Thermistor Test");
  61              		.loc 1 35 0
  62 0018 6C48     		ldr	r0, .L5
  63 001a FFF7FEFF 		bl	LCD_PrintString
  64              	.LVL4:
  36:main.c        ****     CyDelay(1000);  //Delay 1000 ms (1 second)
  65              		.loc 1 36 0
  66 001e 4FF47A70 		mov	r0, #1000
  67 0022 FFF7FEFF 		bl	CyDelay
  68              	.LVL5:
  37:main.c        ****     
  38:main.c        ****     // Reposition to overwrite the test string
  39:main.c        ****     LCD_Position(0,0);
  69              		.loc 1 39 0
  70 0026 0021     		movs	r1, #0
  71 0028 0846     		mov	r0, r1
  72 002a FFF7FEFF 		bl	LCD_Position
  73              	.LVL6:
  74              	.L2:
  40:main.c        **** 
ARM GAS  C:\Users\Lukef\AppData\Local\Temp\ccL7A0XE.s 			page 3


  41:main.c        ****     //.......................... Start of Infinite Loop ..........................//
  42:main.c        ****     
  43:main.c        ****     while(1)
  44:main.c        ****     {
  45:main.c        ****         // Verify that the code is running by displaying this variable on the LCD
  46:main.c        ****         loop_counter++;
  75              		.loc 1 46 0
  76 002e 684A     		ldr	r2, .L5+4
  77 0030 1368     		ldr	r3, [r2]
  78 0032 0133     		adds	r3, r3, #1
  79 0034 1360     		str	r3, [r2]
  47:main.c        ****         
  48:main.c        ****         // This will skip excessive wrting to the LCD.
  49:main.c        ****         LCD_write_counter++;
  80              		.loc 1 49 0
  81 0036 674C     		ldr	r4, .L5+8
  82 0038 2368     		ldr	r3, [r4]
  83 003a 0133     		adds	r3, r3, #1
  84 003c 2360     		str	r3, [r4]
  50:main.c        ****         
  51:main.c        ****         // Use this digital output with a scope to determine the loop time
  52:main.c        ****         P3_5_Write(1);
  85              		.loc 1 52 0
  86 003e 0120     		movs	r0, #1
  87 0040 FFF7FEFF 		bl	P3_5_Write
  88              	.LVL7:
  53:main.c        ****         
  54:main.c        ****         //******************** Select the mux input for the 10k resistor***************************
  55:main.c        ****         AMux_1_Select(0);
  89              		.loc 1 55 0
  90 0044 0020     		movs	r0, #0
  91 0046 FFF7FEFF 		bl	AMux_1_Select
  92              	.LVL8:
  56:main.c        ****         
  57:main.c        ****         // Start doing ADC conversions
  58:main.c        ****         ADC_DelSig_1_StartConvert();
  93              		.loc 1 58 0
  94 004a FFF7FEFF 		bl	ADC_DelSig_1_StartConvert
  95              	.LVL9:
  59:main.c        ****         
  60:main.c        ****         // Code execution stops here until the conversion is complete
  61:main.c        ****         ADC_DelSig_1_IsEndConversion(ADC_DelSig_1_WAIT_FOR_RESULT);
  96              		.loc 1 61 0
  97 004e 0020     		movs	r0, #0
  98 0050 FFF7FEFF 		bl	ADC_DelSig_1_IsEndConversion
  99              	.LVL10:
  62:main.c        ****         
  63:main.c        ****         // Conversion is complete so reset the I/O pin so I can see how long the conversion took wi
  64:main.c        ****         P3_5_Write(0);
 100              		.loc 1 64 0
 101 0054 0020     		movs	r0, #0
 102 0056 FFF7FEFF 		bl	P3_5_Write
 103              	.LVL11:
  65:main.c        ****         
  66:main.c        ****         // Get the 16 bit result from the ADC result register
  67:main.c        ****         R_1_result = ADC_DelSig_1_GetResult16();
 104              		.loc 1 67 0
ARM GAS  C:\Users\Lukef\AppData\Local\Temp\ccL7A0XE.s 			page 4


 105 005a FFF7FEFF 		bl	ADC_DelSig_1_GetResult16
 106              	.LVL12:
 107 005e 85B2     		uxth	r5, r0
 108 0060 5D4B     		ldr	r3, .L5+12
 109 0062 1D80     		strh	r5, [r3]	@ movhi
  68:main.c        ****         
  69:main.c        ****         // Cast the result into a floating point format
  70:main.c        ****         R_1_result_f = (float)R_1_result;
 110              		.loc 1 70 0
 111 0064 2846     		mov	r0, r5
 112 0066 FFF7FEFF 		bl	__aeabi_ui2f
 113              	.LVL13:
 114 006a 5C4B     		ldr	r3, .L5+16
 115 006c 1860     		str	r0, [r3]	@ float
  71:main.c        ****         
  72:main.c        ****         // Convert the result to millivolts*1000 (450 = .450 mV; 4500 = 4.5 mV) and cast to an int
  73:main.c        ****         R_1_mv = (int16)ADC_DelSig_1_CountsTo_mVolts(R_1_result);
 116              		.loc 1 73 0
 117 006e 2846     		mov	r0, r5
 118 0070 FFF7FEFF 		bl	ADC_DelSig_1_CountsTo_mVolts
 119              	.LVL14:
 120 0074 5A4D     		ldr	r5, .L5+20
 121 0076 2880     		strh	r0, [r5]	@ movhi
  74:main.c        ****         
  75:main.c        ****         // Cast the int value of mV to floating point
  76:main.c        ****         R_1_mv_f = (float)R_1_mv;
 122              		.loc 1 76 0
 123 0078 FFF7FEFF 		bl	__aeabi_i2f
 124              	.LVL15:
 125 007c 594B     		ldr	r3, .L5+24
 126 007e 1860     		str	r0, [r3]	@ float
  77:main.c        ****         
  78:main.c        ****         //Calculate the current in mA through the 10k resistor
  79:main.c        ****         current_mA_f = R_1_mv_f / 10000;
 127              		.loc 1 79 0
 128 0080 5949     		ldr	r1, .L5+28
 129 0082 FFF7FEFF 		bl	__aeabi_fdiv
 130              	.LVL16:
 131 0086 594F     		ldr	r7, .L5+32
 132 0088 3860     		str	r0, [r7]	@ float
  80:main.c        ****         
  81:main.c        ****         //******************** Select the mux input for the thermistor voltage ********************
  82:main.c        ****         AMux_1_Select(1);
 133              		.loc 1 82 0
 134 008a 0120     		movs	r0, #1
 135 008c FFF7FEFF 		bl	AMux_1_Select
 136              	.LVL17:
  83:main.c        ****         
  84:main.c        ****         // Start doing ADC conversions
  85:main.c        ****         ADC_DelSig_1_StartConvert();
 137              		.loc 1 85 0
 138 0090 FFF7FEFF 		bl	ADC_DelSig_1_StartConvert
 139              	.LVL18:
  86:main.c        ****         
  87:main.c        ****         // Code execution stops here until the conversion is complete
  88:main.c        ****         ADC_DelSig_1_IsEndConversion(ADC_DelSig_1_WAIT_FOR_RESULT);
 140              		.loc 1 88 0
ARM GAS  C:\Users\Lukef\AppData\Local\Temp\ccL7A0XE.s 			page 5


 141 0094 0020     		movs	r0, #0
 142 0096 FFF7FEFF 		bl	ADC_DelSig_1_IsEndConversion
 143              	.LVL19:
  89:main.c        ****         
  90:main.c        ****         // Get the raw thermistor digital 16 bit result from the ADC result register
  91:main.c        ****         thermistor_result = ADC_DelSig_1_GetResult16();
 144              		.loc 1 91 0
 145 009a FFF7FEFF 		bl	ADC_DelSig_1_GetResult16
 146              	.LVL20:
 147 009e 80B2     		uxth	r0, r0
 148 00a0 534B     		ldr	r3, .L5+36
 149 00a2 1880     		strh	r0, [r3]	@ movhi
  92:main.c        ****                 
  93:main.c        ****         // Convert the result to millivolts*1000 (450 = .450 mV; 4500 = 4.5 mV) and cast to an int
  94:main.c        ****         thermistor_mv = (int16)ADC_DelSig_1_CountsTo_mVolts(thermistor_result);
 150              		.loc 1 94 0
 151 00a4 FFF7FEFF 		bl	ADC_DelSig_1_CountsTo_mVolts
 152              	.LVL21:
 153 00a8 0646     		mov	r6, r0
 154 00aa 524B     		ldr	r3, .L5+40
 155 00ac 1880     		strh	r0, [r3]	@ movhi
  95:main.c        ****         
  96:main.c        ****         // Cast the int value of mV to floating point
  97:main.c        ****         thermistor_mv_f = (float)thermistor_mv;
 156              		.loc 1 97 0
 157 00ae FFF7FEFF 		bl	__aeabi_i2f
 158              	.LVL22:
 159 00b2 514B     		ldr	r3, .L5+44
 160 00b4 1860     		str	r0, [r3]	@ float
  98:main.c        ****         
  99:main.c        ****         // Calculate the resistance manually using R = V/I
 100:main.c        ****         thermistor_RA_f = thermistor_mv_f / current_mA_f;
 161              		.loc 1 100 0
 162 00b6 3968     		ldr	r1, [r7]	@ float
 163 00b8 FFF7FEFF 		bl	__aeabi_fdiv
 164              	.LVL23:
 165 00bc 4F4B     		ldr	r3, .L5+48
 166 00be 1860     		str	r0, [r3]	@ float
 101:main.c        ****         
 102:main.c        ****         // Calculate the resistance using the built in function that is part of the thermistor modu
 103:main.c        ****         thermistor_R = Ametherm_1DC103K_EC_GetResistance(R_1_mv, thermistor_mv);
 167              		.loc 1 103 0
 168 00c0 3146     		mov	r1, r6
 169 00c2 B5F90000 		ldrsh	r0, [r5]
 170 00c6 FFF7FEFF 		bl	Ametherm_1DC103K_EC_GetResistance
 171              	.LVL24:
 172 00ca 0546     		mov	r5, r0
 173 00cc 4C4B     		ldr	r3, .L5+52
 174 00ce 1860     		str	r0, [r3]
 104:main.c        ****         
 105:main.c        ****         // Cast the previous value into a float. This should be the same as thermistor_RA_f
 106:main.c        ****         thermistor_RB_f = (float)thermistor_R;
 175              		.loc 1 106 0
 176 00d0 FFF7FEFF 		bl	__aeabi_ui2f
 177              	.LVL25:
 178 00d4 4B4B     		ldr	r3, .L5+56
 179 00d6 1860     		str	r0, [r3]	@ float
ARM GAS  C:\Users\Lukef\AppData\Local\Temp\ccL7A0XE.s 			page 6


 107:main.c        ****         
 108:main.c        ****         // Get the computed temperature in degrees C *100 from the thermistor API
 109:main.c        ****         temperature = Ametherm_1DC103K_EC_GetTemperature(thermistor_R);
 180              		.loc 1 109 0
 181 00d8 2846     		mov	r0, r5
 182 00da FFF7FEFF 		bl	Ametherm_1DC103K_EC_GetTemperature
 183              	.LVL26:
 184 00de 4A4B     		ldr	r3, .L5+60
 185 00e0 1880     		strh	r0, [r3]	@ movhi
 110:main.c        ****         
 111:main.c        ****         // Convert C to F
 112:main.c        ****        temperature_F = temperature * 9/5 + 3200;
 186              		.loc 1 112 0
 187 00e2 00EBC000 		add	r0, r0, r0, lsl #3
 188 00e6 494B     		ldr	r3, .L5+64
 189 00e8 83FB0023 		smull	r2, r3, r3, r0
 190 00ec C017     		asrs	r0, r0, #31
 191 00ee C0EB6300 		rsb	r0, r0, r3, asr #1
 192 00f2 00F54860 		add	r0, r0, #3200
 193 00f6 464B     		ldr	r3, .L5+68
 194 00f8 1880     		strh	r0, [r3]	@ movhi
 113:main.c        ****         
 114:main.c        ****         //********************************* Write to the LCD ************************************//
 115:main.c        ****         if(LCD_write_counter++ > 1000)
 195              		.loc 1 115 0
 196 00fa 2368     		ldr	r3, [r4]
 197 00fc 5A1C     		adds	r2, r3, #1
 198 00fe 2260     		str	r2, [r4]
 199 0100 B3F57A7F 		cmp	r3, #1000
 200 0104 93D9     		bls	.L2
 116:main.c        ****         {
 117:main.c        ****             LCD_write_counter = 0;          // Reset the write counter
 201              		.loc 1 117 0
 202 0106 0024     		movs	r4, #0
 203 0108 324B     		ldr	r3, .L5+8
 204 010a 1C60     		str	r4, [r3]
 118:main.c        ****             P3_6_Write(1);                  // Toggle bit 0 for monitoring LCD write time
 205              		.loc 1 118 0
 206 010c 0120     		movs	r0, #1
 207 010e FFF7FEFF 		bl	P3_6_Write
 208              	.LVL27:
 119:main.c        ****             LCD_IsReady();                  // Built in function from the LCD API
 209              		.loc 1 119 0
 210 0112 FFF7FEFF 		bl	LCD_IsReady
 211              	.LVL28:
 120:main.c        ****             
 121:main.c        ****             LCD_Position(0,0);              // Move to the first line
 212              		.loc 1 121 0
 213 0116 2146     		mov	r1, r4
 214 0118 2046     		mov	r0, r4
 215 011a FFF7FEFF 		bl	LCD_Position
 216              	.LVL29:
 122:main.c        ****             LCD_PrintString("      degrees C ");
 217              		.loc 1 122 0
 218 011e 3D48     		ldr	r0, .L5+72
 219 0120 FFF7FEFF 		bl	LCD_PrintString
 220              	.LVL30:
ARM GAS  C:\Users\Lukef\AppData\Local\Temp\ccL7A0XE.s 			page 7


 123:main.c        ****             LCD_Position(0,0);              // Move back to the first character
 221              		.loc 1 123 0
 222 0124 2146     		mov	r1, r4
 223 0126 2046     		mov	r0, r4
 224 0128 FFF7FEFF 		bl	LCD_Position
 225              	.LVL31:
 124:main.c        ****             LCD_PrintNumber(temperature/100);   // Print the whole number portion
 226              		.loc 1 124 0
 227 012c 364E     		ldr	r6, .L5+60
 228 012e B6F90030 		ldrsh	r3, [r6]
 229 0132 394D     		ldr	r5, .L5+76
 230 0134 85FB0320 		smull	r2, r0, r5, r3
 231 0138 DB17     		asrs	r3, r3, #31
 232 013a C3EB6010 		rsb	r0, r3, r0, asr #5
 233 013e 80B2     		uxth	r0, r0
 234 0140 FFF7FEFF 		bl	LCD_PrintU32Number
 235              	.LVL32:
 125:main.c        ****             LCD_Position(0,2);              // Move to the fourth position since the temperature ta
 236              		.loc 1 125 0
 237 0144 0221     		movs	r1, #2
 238 0146 2046     		mov	r0, r4
 239 0148 FFF7FEFF 		bl	LCD_Position
 240              	.LVL33:
 126:main.c        ****             LCD_PrintString(".");
 241              		.loc 1 126 0
 242 014c 334F     		ldr	r7, .L5+80
 243 014e 3846     		mov	r0, r7
 244 0150 FFF7FEFF 		bl	LCD_PrintString
 245              	.LVL34:
 127:main.c        ****             LCD_PrintNumber(temperature % 100); // Get the decimal portion of the temperature
 246              		.loc 1 127 0
 247 0154 B6F90020 		ldrsh	r2, [r6]
 248 0158 85FB0230 		smull	r3, r0, r5, r2
 249 015c D317     		asrs	r3, r2, #31
 250 015e C3EB6013 		rsb	r3, r3, r0, asr #5
 251 0162 6426     		movs	r6, #100
 252 0164 06FB1320 		mls	r0, r6, r3, r2
 253 0168 80B2     		uxth	r0, r0
 254 016a FFF7FEFF 		bl	LCD_PrintU32Number
 255              	.LVL35:
 128:main.c        ****             
 129:main.c        ****             //LCD_Position(0,0);              // Move to the first line
 130:main.c        ****             //LCD_PrintString("loop cnt:       ");    // Set up to display the loop count
 131:main.c        ****             //LCD_Position(0,10);             // Move to one space after the colon
 132:main.c        ****             //LCD_PrintU32Number(loop_counter);       // Print the loop count
 133:main.c        ****             
 134:main.c        ****             LCD_Position(1,0);              // Move to the next line
 256              		.loc 1 134 0
 257 016e 2146     		mov	r1, r4
 258 0170 0120     		movs	r0, #1
 259 0172 FFF7FEFF 		bl	LCD_Position
 260              	.LVL36:
 135:main.c        ****             LCD_PrintString("      degrees F ");
 261              		.loc 1 135 0
 262 0176 2A48     		ldr	r0, .L5+84
 263 0178 FFF7FEFF 		bl	LCD_PrintString
 264              	.LVL37:
ARM GAS  C:\Users\Lukef\AppData\Local\Temp\ccL7A0XE.s 			page 8


 136:main.c        ****             LCD_Position(1,0);              // Move back to the first character
 265              		.loc 1 136 0
 266 017c 2146     		mov	r1, r4
 267 017e 0120     		movs	r0, #1
 268 0180 FFF7FEFF 		bl	LCD_Position
 269              	.LVL38:
 137:main.c        ****             LCD_PrintNumber(temperature_F/100);   // Print the whole number portion
 270              		.loc 1 137 0
 271 0184 DFF88880 		ldr	r8, .L5+68
 272 0188 B8F90030 		ldrsh	r3, [r8]
 273 018c 85FB0320 		smull	r2, r0, r5, r3
 274 0190 DB17     		asrs	r3, r3, #31
 275 0192 C3EB6010 		rsb	r0, r3, r0, asr #5
 276 0196 80B2     		uxth	r0, r0
 277 0198 FFF7FEFF 		bl	LCD_PrintU32Number
 278              	.LVL39:
 138:main.c        ****             LCD_Position(1,2);              // Move to the fourth position since the temperature ta
 279              		.loc 1 138 0
 280 019c 0221     		movs	r1, #2
 281 019e 0120     		movs	r0, #1
 282 01a0 FFF7FEFF 		bl	LCD_Position
 283              	.LVL40:
 139:main.c        ****             LCD_PrintString(".");
 284              		.loc 1 139 0
 285 01a4 3846     		mov	r0, r7
 286 01a6 FFF7FEFF 		bl	LCD_PrintString
 287              	.LVL41:
 140:main.c        ****             LCD_PrintNumber(temperature_F % 100); // Get the decimal portion of the temperature
 288              		.loc 1 140 0
 289 01aa B8F90030 		ldrsh	r3, [r8]
 290 01ae 85FB0325 		smull	r2, r5, r5, r3
 291 01b2 D817     		asrs	r0, r3, #31
 292 01b4 C0EB6515 		rsb	r5, r0, r5, asr #5
 293 01b8 06FB1530 		mls	r0, r6, r5, r3
 294 01bc 80B2     		uxth	r0, r0
 295 01be FFF7FEFF 		bl	LCD_PrintU32Number
 296              	.LVL42:
 141:main.c        ****             
 142:main.c        ****             P3_6_Write(0);                  // Toggle bit 0 for monitoring LCD write time
 297              		.loc 1 142 0
 298 01c2 2046     		mov	r0, r4
 299 01c4 FFF7FEFF 		bl	P3_6_Write
 300              	.LVL43:
 301 01c8 31E7     		b	.L2
 302              	.L6:
 303 01ca 00BF     		.align	2
 304              	.L5:
 305 01cc 00000000 		.word	.LC0
 306 01d0 00000000 		.word	loop_counter
 307 01d4 00000000 		.word	LCD_write_counter
 308 01d8 00000000 		.word	R_1_result
 309 01dc 00000000 		.word	R_1_result_f
 310 01e0 00000000 		.word	R_1_mv
 311 01e4 00000000 		.word	R_1_mv_f
 312 01e8 00401C46 		.word	1176256512
 313 01ec 00000000 		.word	current_mA_f
 314 01f0 00000000 		.word	thermistor_result
ARM GAS  C:\Users\Lukef\AppData\Local\Temp\ccL7A0XE.s 			page 9


 315 01f4 00000000 		.word	thermistor_mv
 316 01f8 00000000 		.word	thermistor_mv_f
 317 01fc 00000000 		.word	thermistor_RA_f
 318 0200 00000000 		.word	thermistor_R
 319 0204 00000000 		.word	thermistor_RB_f
 320 0208 00000000 		.word	temperature
 321 020c 67666666 		.word	1717986919
 322 0210 00000000 		.word	temperature_F
 323 0214 10000000 		.word	.LC1
 324 0218 1F85EB51 		.word	1374389535
 325 021c 24000000 		.word	.LC2
 326 0220 28000000 		.word	.LC3
 327              		.cfi_endproc
 328              	.LFE63:
 329              		.size	main, .-main
 330              		.comm	temperature_C_f,4,4
 331              		.comm	temperature_K_f,4,4
 332              		.comm	current_mA_f,4,4
 333              		.comm	thermistor_RB_f,4,4
 334              		.comm	thermistor_RA_f,4,4
 335              		.comm	voltage_f,4,4
 336              		.comm	ratio_f,4,4
 337              		.comm	thermistor_mv_f,4,4
 338              		.comm	R_1_mv_f,4,4
 339              		.comm	R_1_result_f,4,4
 340              		.comm	temperature_F,2,2
 341              		.comm	temperature,2,2
 342              		.comm	R_1_mv,2,2
 343              		.comm	thermistor_mv,2,2
 344              		.comm	thermistor_result,2,2
 345              		.comm	R_1_result,2,2
 346              		.comm	thermistor_R,4,4
 347              		.comm	LCD_write_counter,4,4
 348              		.comm	loop_counter,4,4
 349              		.section	.rodata.str1.4,"aMS",%progbits,1
 350              		.align	2
 351              	.LC0:
 352 0000 54686572 		.ascii	"Thermistor Test\000"
 352      6D697374 
 352      6F722054 
 352      65737400 
 353              	.LC1:
 354 0010 20202020 		.ascii	"      degrees C \000"
 354      20206465 
 354      67726565 
 354      73204320 
 354      00
 355 0021 000000   		.space	3
 356              	.LC2:
 357 0024 2E00     		.ascii	".\000"
 358 0026 0000     		.space	2
 359              	.LC3:
 360 0028 20202020 		.ascii	"      degrees F \000"
 360      20206465 
 360      67726565 
 360      73204620 
 360      00
ARM GAS  C:\Users\Lukef\AppData\Local\Temp\ccL7A0XE.s 			page 10


 361              		.text
 362              	.Letext0:
 363              		.file 2 "c:\\program files (x86)\\cypress\\psoc creator\\4.4\\psoc creator\\import\\gnu\\arm\\5.4.
 364              		.file 3 "c:\\program files (x86)\\cypress\\psoc creator\\4.4\\psoc creator\\import\\gnu\\arm\\5.4.
 365              		.file 4 "Generated_Source\\PSoC5/cytypes.h"
 366              		.file 5 "Generated_Source\\PSoC5/core_cm3.h"
 367              		.file 6 "Generated_Source\\PSoC5/ADC_DelSig_1.h"
 368              		.file 7 "Generated_Source\\PSoC5/AMux_1.h"
 369              		.file 8 "Generated_Source\\PSoC5/LCD.h"
 370              		.file 9 "Generated_Source\\PSoC5/CyLib.h"
 371              		.file 10 "Generated_Source\\PSoC5/P3_5.h"
 372              		.file 11 "Generated_Source\\PSoC5/Ametherm_1DC103K_EC.h"
 373              		.file 12 "Generated_Source\\PSoC5/P3_6.h"
 374              		.section	.debug_info,"",%progbits
 375              	.Ldebug_info0:
 376 0000 7D050000 		.4byte	0x57d
 377 0004 0400     		.2byte	0x4
 378 0006 00000000 		.4byte	.Ldebug_abbrev0
 379 000a 04       		.byte	0x4
 380 000b 01       		.uleb128 0x1
 381 000c 82010000 		.4byte	.LASF56
 382 0010 0C       		.byte	0xc
 383 0011 72030000 		.4byte	.LASF57
 384 0015 D6000000 		.4byte	.LASF58
 385 0019 00000000 		.4byte	.Ldebug_ranges0+0
 386 001d 00000000 		.4byte	0
 387 0021 00000000 		.4byte	.Ldebug_line0
 388 0025 02       		.uleb128 0x2
 389 0026 01       		.byte	0x1
 390 0027 06       		.byte	0x6
 391 0028 4F010000 		.4byte	.LASF0
 392 002c 02       		.uleb128 0x2
 393 002d 01       		.byte	0x1
 394 002e 08       		.byte	0x8
 395 002f 74010000 		.4byte	.LASF1
 396 0033 02       		.uleb128 0x2
 397 0034 02       		.byte	0x2
 398 0035 05       		.byte	0x5
 399 0036 B3000000 		.4byte	.LASF2
 400 003a 02       		.uleb128 0x2
 401 003b 02       		.byte	0x2
 402 003c 07       		.byte	0x7
 403 003d 28020000 		.4byte	.LASF3
 404 0041 03       		.uleb128 0x3
 405 0042 46000000 		.4byte	.LASF9
 406 0046 02       		.byte	0x2
 407 0047 3F       		.byte	0x3f
 408 0048 4C000000 		.4byte	0x4c
 409 004c 02       		.uleb128 0x2
 410 004d 04       		.byte	0x4
 411 004e 05       		.byte	0x5
 412 004f CB030000 		.4byte	.LASF4
 413 0053 02       		.uleb128 0x2
 414 0054 04       		.byte	0x4
 415 0055 07       		.byte	0x7
 416 0056 16020000 		.4byte	.LASF5
 417 005a 02       		.uleb128 0x2
ARM GAS  C:\Users\Lukef\AppData\Local\Temp\ccL7A0XE.s 			page 11


 418 005b 08       		.byte	0x8
 419 005c 05       		.byte	0x5
 420 005d 64030000 		.4byte	.LASF6
 421 0061 02       		.uleb128 0x2
 422 0062 08       		.byte	0x8
 423 0063 07       		.byte	0x7
 424 0064 0C030000 		.4byte	.LASF7
 425 0068 04       		.uleb128 0x4
 426 0069 04       		.byte	0x4
 427 006a 05       		.byte	0x5
 428 006b 696E7400 		.ascii	"int\000"
 429 006f 02       		.uleb128 0x2
 430 0070 04       		.byte	0x4
 431 0071 07       		.byte	0x7
 432 0072 E2020000 		.4byte	.LASF8
 433 0076 03       		.uleb128 0x3
 434 0077 53030000 		.4byte	.LASF10
 435 007b 03       		.byte	0x3
 436 007c 2C       		.byte	0x2c
 437 007d 41000000 		.4byte	0x41
 438 0081 05       		.uleb128 0x5
 439 0082 7C020000 		.4byte	.LASF11
 440 0086 04       		.byte	0x4
 441 0087 E901     		.2byte	0x1e9
 442 0089 3A000000 		.4byte	0x3a
 443 008d 05       		.uleb128 0x5
 444 008e B1020000 		.4byte	.LASF12
 445 0092 04       		.byte	0x4
 446 0093 EA01     		.2byte	0x1ea
 447 0095 53000000 		.4byte	0x53
 448 0099 05       		.uleb128 0x5
 449 009a 10020000 		.4byte	.LASF13
 450 009e 04       		.byte	0x4
 451 009f EC01     		.2byte	0x1ec
 452 00a1 33000000 		.4byte	0x33
 453 00a5 02       		.uleb128 0x2
 454 00a6 04       		.byte	0x4
 455 00a7 04       		.byte	0x4
 456 00a8 36000000 		.4byte	.LASF14
 457 00ac 02       		.uleb128 0x2
 458 00ad 08       		.byte	0x8
 459 00ae 04       		.byte	0x4
 460 00af BD000000 		.4byte	.LASF15
 461 00b3 02       		.uleb128 0x2
 462 00b4 01       		.byte	0x1
 463 00b5 08       		.byte	0x8
 464 00b6 79030000 		.4byte	.LASF16
 465 00ba 02       		.uleb128 0x2
 466 00bb 08       		.byte	0x8
 467 00bc 04       		.byte	0x4
 468 00bd EE030000 		.4byte	.LASF17
 469 00c1 02       		.uleb128 0x2
 470 00c2 04       		.byte	0x4
 471 00c3 07       		.byte	0x7
 472 00c4 5B030000 		.4byte	.LASF18
 473 00c8 06       		.uleb128 0x6
 474 00c9 B8020000 		.4byte	.LASF59
ARM GAS  C:\Users\Lukef\AppData\Local\Temp\ccL7A0XE.s 			page 12


 475 00cd 01       		.byte	0x1
 476 00ce 15       		.byte	0x15
 477 00cf 68000000 		.4byte	0x68
 478 00d3 00000000 		.4byte	.LFB63
 479 00d7 24020000 		.4byte	.LFE63-.LFB63
 480 00db 01       		.uleb128 0x1
 481 00dc 9C       		.byte	0x9c
 482 00dd 71030000 		.4byte	0x371
 483 00e1 07       		.uleb128 0x7
 484 00e2 08000000 		.4byte	.LVL0
 485 00e6 C5040000 		.4byte	0x4c5
 486 00ea 07       		.uleb128 0x7
 487 00eb 0C000000 		.4byte	.LVL1
 488 00ef D0040000 		.4byte	0x4d0
 489 00f3 07       		.uleb128 0x7
 490 00f4 10000000 		.4byte	.LVL2
 491 00f8 DB040000 		.4byte	0x4db
 492 00fc 08       		.uleb128 0x8
 493 00fd 18000000 		.4byte	.LVL3
 494 0101 E6040000 		.4byte	0x4e6
 495 0105 14010000 		.4byte	0x114
 496 0109 09       		.uleb128 0x9
 497 010a 01       		.uleb128 0x1
 498 010b 50       		.byte	0x50
 499 010c 01       		.uleb128 0x1
 500 010d 30       		.byte	0x30
 501 010e 09       		.uleb128 0x9
 502 010f 01       		.uleb128 0x1
 503 0110 51       		.byte	0x51
 504 0111 01       		.uleb128 0x1
 505 0112 30       		.byte	0x30
 506 0113 00       		.byte	0
 507 0114 08       		.uleb128 0x8
 508 0115 1E000000 		.4byte	.LVL4
 509 0119 F1040000 		.4byte	0x4f1
 510 011d 2B010000 		.4byte	0x12b
 511 0121 09       		.uleb128 0x9
 512 0122 01       		.uleb128 0x1
 513 0123 50       		.byte	0x50
 514 0124 05       		.uleb128 0x5
 515 0125 03       		.byte	0x3
 516 0126 00000000 		.4byte	.LC0
 517 012a 00       		.byte	0
 518 012b 08       		.uleb128 0x8
 519 012c 26000000 		.4byte	.LVL5
 520 0130 FC040000 		.4byte	0x4fc
 521 0134 40010000 		.4byte	0x140
 522 0138 09       		.uleb128 0x9
 523 0139 01       		.uleb128 0x1
 524 013a 50       		.byte	0x50
 525 013b 03       		.uleb128 0x3
 526 013c 0A       		.byte	0xa
 527 013d E803     		.2byte	0x3e8
 528 013f 00       		.byte	0
 529 0140 08       		.uleb128 0x8
 530 0141 2E000000 		.4byte	.LVL6
 531 0145 E6040000 		.4byte	0x4e6
ARM GAS  C:\Users\Lukef\AppData\Local\Temp\ccL7A0XE.s 			page 13


 532 0149 58010000 		.4byte	0x158
 533 014d 09       		.uleb128 0x9
 534 014e 01       		.uleb128 0x1
 535 014f 50       		.byte	0x50
 536 0150 01       		.uleb128 0x1
 537 0151 30       		.byte	0x30
 538 0152 09       		.uleb128 0x9
 539 0153 01       		.uleb128 0x1
 540 0154 51       		.byte	0x51
 541 0155 01       		.uleb128 0x1
 542 0156 30       		.byte	0x30
 543 0157 00       		.byte	0
 544 0158 08       		.uleb128 0x8
 545 0159 44000000 		.4byte	.LVL7
 546 015d 07050000 		.4byte	0x507
 547 0161 6B010000 		.4byte	0x16b
 548 0165 09       		.uleb128 0x9
 549 0166 01       		.uleb128 0x1
 550 0167 50       		.byte	0x50
 551 0168 01       		.uleb128 0x1
 552 0169 31       		.byte	0x31
 553 016a 00       		.byte	0
 554 016b 08       		.uleb128 0x8
 555 016c 4A000000 		.4byte	.LVL8
 556 0170 12050000 		.4byte	0x512
 557 0174 7E010000 		.4byte	0x17e
 558 0178 09       		.uleb128 0x9
 559 0179 01       		.uleb128 0x1
 560 017a 50       		.byte	0x50
 561 017b 01       		.uleb128 0x1
 562 017c 30       		.byte	0x30
 563 017d 00       		.byte	0
 564 017e 07       		.uleb128 0x7
 565 017f 4E000000 		.4byte	.LVL9
 566 0183 1D050000 		.4byte	0x51d
 567 0187 08       		.uleb128 0x8
 568 0188 54000000 		.4byte	.LVL10
 569 018c 28050000 		.4byte	0x528
 570 0190 9A010000 		.4byte	0x19a
 571 0194 09       		.uleb128 0x9
 572 0195 01       		.uleb128 0x1
 573 0196 50       		.byte	0x50
 574 0197 01       		.uleb128 0x1
 575 0198 30       		.byte	0x30
 576 0199 00       		.byte	0
 577 019a 08       		.uleb128 0x8
 578 019b 5A000000 		.4byte	.LVL11
 579 019f 07050000 		.4byte	0x507
 580 01a3 AD010000 		.4byte	0x1ad
 581 01a7 09       		.uleb128 0x9
 582 01a8 01       		.uleb128 0x1
 583 01a9 50       		.byte	0x50
 584 01aa 01       		.uleb128 0x1
 585 01ab 30       		.byte	0x30
 586 01ac 00       		.byte	0
 587 01ad 07       		.uleb128 0x7
 588 01ae 5E000000 		.4byte	.LVL12
ARM GAS  C:\Users\Lukef\AppData\Local\Temp\ccL7A0XE.s 			page 14


 589 01b2 33050000 		.4byte	0x533
 590 01b6 08       		.uleb128 0x8
 591 01b7 74000000 		.4byte	.LVL14
 592 01bb 3E050000 		.4byte	0x53e
 593 01bf CA010000 		.4byte	0x1ca
 594 01c3 09       		.uleb128 0x9
 595 01c4 01       		.uleb128 0x1
 596 01c5 50       		.byte	0x50
 597 01c6 02       		.uleb128 0x2
 598 01c7 75       		.byte	0x75
 599 01c8 00       		.sleb128 0
 600 01c9 00       		.byte	0
 601 01ca 08       		.uleb128 0x8
 602 01cb 90000000 		.4byte	.LVL17
 603 01cf 12050000 		.4byte	0x512
 604 01d3 DD010000 		.4byte	0x1dd
 605 01d7 09       		.uleb128 0x9
 606 01d8 01       		.uleb128 0x1
 607 01d9 50       		.byte	0x50
 608 01da 01       		.uleb128 0x1
 609 01db 31       		.byte	0x31
 610 01dc 00       		.byte	0
 611 01dd 07       		.uleb128 0x7
 612 01de 94000000 		.4byte	.LVL18
 613 01e2 1D050000 		.4byte	0x51d
 614 01e6 08       		.uleb128 0x8
 615 01e7 9A000000 		.4byte	.LVL19
 616 01eb 28050000 		.4byte	0x528
 617 01ef F9010000 		.4byte	0x1f9
 618 01f3 09       		.uleb128 0x9
 619 01f4 01       		.uleb128 0x1
 620 01f5 50       		.byte	0x50
 621 01f6 01       		.uleb128 0x1
 622 01f7 30       		.byte	0x30
 623 01f8 00       		.byte	0
 624 01f9 07       		.uleb128 0x7
 625 01fa 9E000000 		.4byte	.LVL20
 626 01fe 33050000 		.4byte	0x533
 627 0202 07       		.uleb128 0x7
 628 0203 A8000000 		.4byte	.LVL21
 629 0207 3E050000 		.4byte	0x53e
 630 020b 08       		.uleb128 0x8
 631 020c CA000000 		.4byte	.LVL24
 632 0210 49050000 		.4byte	0x549
 633 0214 1F020000 		.4byte	0x21f
 634 0218 09       		.uleb128 0x9
 635 0219 01       		.uleb128 0x1
 636 021a 51       		.byte	0x51
 637 021b 02       		.uleb128 0x2
 638 021c 76       		.byte	0x76
 639 021d 00       		.sleb128 0
 640 021e 00       		.byte	0
 641 021f 08       		.uleb128 0x8
 642 0220 DE000000 		.4byte	.LVL26
 643 0224 54050000 		.4byte	0x554
 644 0228 33020000 		.4byte	0x233
 645 022c 09       		.uleb128 0x9
ARM GAS  C:\Users\Lukef\AppData\Local\Temp\ccL7A0XE.s 			page 15


 646 022d 01       		.uleb128 0x1
 647 022e 50       		.byte	0x50
 648 022f 02       		.uleb128 0x2
 649 0230 75       		.byte	0x75
 650 0231 00       		.sleb128 0
 651 0232 00       		.byte	0
 652 0233 08       		.uleb128 0x8
 653 0234 12010000 		.4byte	.LVL27
 654 0238 5F050000 		.4byte	0x55f
 655 023c 46020000 		.4byte	0x246
 656 0240 09       		.uleb128 0x9
 657 0241 01       		.uleb128 0x1
 658 0242 50       		.byte	0x50
 659 0243 01       		.uleb128 0x1
 660 0244 31       		.byte	0x31
 661 0245 00       		.byte	0
 662 0246 07       		.uleb128 0x7
 663 0247 16010000 		.4byte	.LVL28
 664 024b 6A050000 		.4byte	0x56a
 665 024f 08       		.uleb128 0x8
 666 0250 1E010000 		.4byte	.LVL29
 667 0254 E6040000 		.4byte	0x4e6
 668 0258 69020000 		.4byte	0x269
 669 025c 09       		.uleb128 0x9
 670 025d 01       		.uleb128 0x1
 671 025e 50       		.byte	0x50
 672 025f 02       		.uleb128 0x2
 673 0260 74       		.byte	0x74
 674 0261 00       		.sleb128 0
 675 0262 09       		.uleb128 0x9
 676 0263 01       		.uleb128 0x1
 677 0264 51       		.byte	0x51
 678 0265 02       		.uleb128 0x2
 679 0266 74       		.byte	0x74
 680 0267 00       		.sleb128 0
 681 0268 00       		.byte	0
 682 0269 08       		.uleb128 0x8
 683 026a 24010000 		.4byte	.LVL30
 684 026e F1040000 		.4byte	0x4f1
 685 0272 80020000 		.4byte	0x280
 686 0276 09       		.uleb128 0x9
 687 0277 01       		.uleb128 0x1
 688 0278 50       		.byte	0x50
 689 0279 05       		.uleb128 0x5
 690 027a 03       		.byte	0x3
 691 027b 10000000 		.4byte	.LC1
 692 027f 00       		.byte	0
 693 0280 08       		.uleb128 0x8
 694 0281 2C010000 		.4byte	.LVL31
 695 0285 E6040000 		.4byte	0x4e6
 696 0289 9A020000 		.4byte	0x29a
 697 028d 09       		.uleb128 0x9
 698 028e 01       		.uleb128 0x1
 699 028f 50       		.byte	0x50
 700 0290 02       		.uleb128 0x2
 701 0291 74       		.byte	0x74
 702 0292 00       		.sleb128 0
ARM GAS  C:\Users\Lukef\AppData\Local\Temp\ccL7A0XE.s 			page 16


 703 0293 09       		.uleb128 0x9
 704 0294 01       		.uleb128 0x1
 705 0295 51       		.byte	0x51
 706 0296 02       		.uleb128 0x2
 707 0297 74       		.byte	0x74
 708 0298 00       		.sleb128 0
 709 0299 00       		.byte	0
 710 029a 07       		.uleb128 0x7
 711 029b 44010000 		.4byte	.LVL32
 712 029f 75050000 		.4byte	0x575
 713 02a3 08       		.uleb128 0x8
 714 02a4 4C010000 		.4byte	.LVL33
 715 02a8 E6040000 		.4byte	0x4e6
 716 02ac BC020000 		.4byte	0x2bc
 717 02b0 09       		.uleb128 0x9
 718 02b1 01       		.uleb128 0x1
 719 02b2 50       		.byte	0x50
 720 02b3 02       		.uleb128 0x2
 721 02b4 74       		.byte	0x74
 722 02b5 00       		.sleb128 0
 723 02b6 09       		.uleb128 0x9
 724 02b7 01       		.uleb128 0x1
 725 02b8 51       		.byte	0x51
 726 02b9 01       		.uleb128 0x1
 727 02ba 32       		.byte	0x32
 728 02bb 00       		.byte	0
 729 02bc 08       		.uleb128 0x8
 730 02bd 54010000 		.4byte	.LVL34
 731 02c1 F1040000 		.4byte	0x4f1
 732 02c5 D0020000 		.4byte	0x2d0
 733 02c9 09       		.uleb128 0x9
 734 02ca 01       		.uleb128 0x1
 735 02cb 50       		.byte	0x50
 736 02cc 02       		.uleb128 0x2
 737 02cd 77       		.byte	0x77
 738 02ce 00       		.sleb128 0
 739 02cf 00       		.byte	0
 740 02d0 07       		.uleb128 0x7
 741 02d1 6E010000 		.4byte	.LVL35
 742 02d5 75050000 		.4byte	0x575
 743 02d9 08       		.uleb128 0x8
 744 02da 76010000 		.4byte	.LVL36
 745 02de E6040000 		.4byte	0x4e6
 746 02e2 F2020000 		.4byte	0x2f2
 747 02e6 09       		.uleb128 0x9
 748 02e7 01       		.uleb128 0x1
 749 02e8 50       		.byte	0x50
 750 02e9 01       		.uleb128 0x1
 751 02ea 31       		.byte	0x31
 752 02eb 09       		.uleb128 0x9
 753 02ec 01       		.uleb128 0x1
 754 02ed 51       		.byte	0x51
 755 02ee 02       		.uleb128 0x2
 756 02ef 74       		.byte	0x74
 757 02f0 00       		.sleb128 0
 758 02f1 00       		.byte	0
 759 02f2 08       		.uleb128 0x8
ARM GAS  C:\Users\Lukef\AppData\Local\Temp\ccL7A0XE.s 			page 17


 760 02f3 7C010000 		.4byte	.LVL37
 761 02f7 F1040000 		.4byte	0x4f1
 762 02fb 09030000 		.4byte	0x309
 763 02ff 09       		.uleb128 0x9
 764 0300 01       		.uleb128 0x1
 765 0301 50       		.byte	0x50
 766 0302 05       		.uleb128 0x5
 767 0303 03       		.byte	0x3
 768 0304 28000000 		.4byte	.LC3
 769 0308 00       		.byte	0
 770 0309 08       		.uleb128 0x8
 771 030a 84010000 		.4byte	.LVL38
 772 030e E6040000 		.4byte	0x4e6
 773 0312 22030000 		.4byte	0x322
 774 0316 09       		.uleb128 0x9
 775 0317 01       		.uleb128 0x1
 776 0318 50       		.byte	0x50
 777 0319 01       		.uleb128 0x1
 778 031a 31       		.byte	0x31
 779 031b 09       		.uleb128 0x9
 780 031c 01       		.uleb128 0x1
 781 031d 51       		.byte	0x51
 782 031e 02       		.uleb128 0x2
 783 031f 74       		.byte	0x74
 784 0320 00       		.sleb128 0
 785 0321 00       		.byte	0
 786 0322 07       		.uleb128 0x7
 787 0323 9C010000 		.4byte	.LVL39
 788 0327 75050000 		.4byte	0x575
 789 032b 08       		.uleb128 0x8
 790 032c A4010000 		.4byte	.LVL40
 791 0330 E6040000 		.4byte	0x4e6
 792 0334 43030000 		.4byte	0x343
 793 0338 09       		.uleb128 0x9
 794 0339 01       		.uleb128 0x1
 795 033a 50       		.byte	0x50
 796 033b 01       		.uleb128 0x1
 797 033c 31       		.byte	0x31
 798 033d 09       		.uleb128 0x9
 799 033e 01       		.uleb128 0x1
 800 033f 51       		.byte	0x51
 801 0340 01       		.uleb128 0x1
 802 0341 32       		.byte	0x32
 803 0342 00       		.byte	0
 804 0343 08       		.uleb128 0x8
 805 0344 AA010000 		.4byte	.LVL41
 806 0348 F1040000 		.4byte	0x4f1
 807 034c 57030000 		.4byte	0x357
 808 0350 09       		.uleb128 0x9
 809 0351 01       		.uleb128 0x1
 810 0352 50       		.byte	0x50
 811 0353 02       		.uleb128 0x2
 812 0354 77       		.byte	0x77
 813 0355 00       		.sleb128 0
 814 0356 00       		.byte	0
 815 0357 07       		.uleb128 0x7
 816 0358 C2010000 		.4byte	.LVL42
ARM GAS  C:\Users\Lukef\AppData\Local\Temp\ccL7A0XE.s 			page 18


 817 035c 75050000 		.4byte	0x575
 818 0360 0A       		.uleb128 0xa
 819 0361 C8010000 		.4byte	.LVL43
 820 0365 5F050000 		.4byte	0x55f
 821 0369 09       		.uleb128 0x9
 822 036a 01       		.uleb128 0x1
 823 036b 50       		.byte	0x50
 824 036c 02       		.uleb128 0x2
 825 036d 74       		.byte	0x74
 826 036e 00       		.sleb128 0
 827 036f 00       		.byte	0
 828 0370 00       		.byte	0
 829 0371 0B       		.uleb128 0xb
 830 0372 54020000 		.4byte	.LASF19
 831 0376 05       		.byte	0x5
 832 0377 1207     		.2byte	0x712
 833 0379 7D030000 		.4byte	0x37d
 834 037d 0C       		.uleb128 0xc
 835 037e 76000000 		.4byte	0x76
 836 0382 0D       		.uleb128 0xd
 837 0383 00000000 		.4byte	.LASF20
 838 0387 01       		.byte	0x1
 839 0388 0E       		.byte	0xe
 840 0389 8D000000 		.4byte	0x8d
 841 038d 05       		.uleb128 0x5
 842 038e 03       		.byte	0x3
 843 038f 00000000 		.4byte	loop_counter
 844 0393 0D       		.uleb128 0xd
 845 0394 BD020000 		.4byte	.LASF21
 846 0398 01       		.byte	0x1
 847 0399 0E       		.byte	0xe
 848 039a 8D000000 		.4byte	0x8d
 849 039e 05       		.uleb128 0x5
 850 039f 03       		.byte	0x3
 851 03a0 00000000 		.4byte	LCD_write_counter
 852 03a4 0D       		.uleb128 0xd
 853 03a5 7E030000 		.4byte	.LASF22
 854 03a9 01       		.byte	0x1
 855 03aa 0E       		.byte	0xe
 856 03ab 8D000000 		.4byte	0x8d
 857 03af 05       		.uleb128 0x5
 858 03b0 03       		.byte	0x3
 859 03b1 00000000 		.4byte	thermistor_R
 860 03b5 0D       		.uleb128 0xd
 861 03b6 71020000 		.4byte	.LASF23
 862 03ba 01       		.byte	0x1
 863 03bb 0F       		.byte	0xf
 864 03bc 81000000 		.4byte	0x81
 865 03c0 05       		.uleb128 0x5
 866 03c1 03       		.byte	0x3
 867 03c2 00000000 		.4byte	R_1_result
 868 03c6 0D       		.uleb128 0xd
 869 03c7 C4000000 		.4byte	.LASF24
 870 03cb 01       		.byte	0x1
 871 03cc 0F       		.byte	0xf
 872 03cd 81000000 		.4byte	0x81
 873 03d1 05       		.uleb128 0x5
ARM GAS  C:\Users\Lukef\AppData\Local\Temp\ccL7A0XE.s 			page 19


 874 03d2 03       		.byte	0x3
 875 03d3 00000000 		.4byte	thermistor_result
 876 03d7 0D       		.uleb128 0xd
 877 03d8 50000000 		.4byte	.LASF25
 878 03dc 01       		.byte	0x1
 879 03dd 10       		.byte	0x10
 880 03de 99000000 		.4byte	0x99
 881 03e2 05       		.uleb128 0x5
 882 03e3 03       		.byte	0x3
 883 03e4 00000000 		.4byte	thermistor_mv
 884 03e8 0D       		.uleb128 0xd
 885 03e9 9D020000 		.4byte	.LASF26
 886 03ed 01       		.byte	0x1
 887 03ee 10       		.byte	0x10
 888 03ef 99000000 		.4byte	0x99
 889 03f3 05       		.uleb128 0x5
 890 03f4 03       		.byte	0x3
 891 03f5 00000000 		.4byte	R_1_mv
 892 03f9 0D       		.uleb128 0xd
 893 03fa 39010000 		.4byte	.LASF27
 894 03fe 01       		.byte	0x1
 895 03ff 10       		.byte	0x10
 896 0400 99000000 		.4byte	0x99
 897 0404 05       		.uleb128 0x5
 898 0405 03       		.byte	0x3
 899 0406 00000000 		.4byte	temperature
 900 040a 0D       		.uleb128 0xd
 901 040b 28000000 		.4byte	.LASF28
 902 040f 01       		.byte	0x1
 903 0410 10       		.byte	0x10
 904 0411 99000000 		.4byte	0x99
 905 0415 05       		.uleb128 0x5
 906 0416 03       		.byte	0x3
 907 0417 00000000 		.4byte	temperature_F
 908 041b 0D       		.uleb128 0xd
 909 041c A4020000 		.4byte	.LASF29
 910 0420 01       		.byte	0x1
 911 0421 11       		.byte	0x11
 912 0422 A5000000 		.4byte	0xa5
 913 0426 05       		.uleb128 0x5
 914 0427 03       		.byte	0x3
 915 0428 00000000 		.4byte	R_1_result_f
 916 042c 0D       		.uleb128 0xd
 917 042d 6B010000 		.4byte	.LASF30
 918 0431 01       		.byte	0x1
 919 0432 11       		.byte	0x11
 920 0433 A5000000 		.4byte	0xa5
 921 0437 05       		.uleb128 0x5
 922 0438 03       		.byte	0x3
 923 0439 00000000 		.4byte	R_1_mv_f
 924 043d 0D       		.uleb128 0xd
 925 043e 5E000000 		.4byte	.LASF31
 926 0442 01       		.byte	0x1
 927 0443 11       		.byte	0x11
 928 0444 A5000000 		.4byte	0xa5
 929 0448 05       		.uleb128 0x5
 930 0449 03       		.byte	0x3
ARM GAS  C:\Users\Lukef\AppData\Local\Temp\ccL7A0XE.s 			page 20


 931 044a 00000000 		.4byte	thermistor_mv_f
 932 044e 0D       		.uleb128 0xd
 933 044f 96030000 		.4byte	.LASF32
 934 0453 01       		.byte	0x1
 935 0454 11       		.byte	0x11
 936 0455 A5000000 		.4byte	0xa5
 937 0459 05       		.uleb128 0x5
 938 045a 03       		.byte	0x3
 939 045b 00000000 		.4byte	ratio_f
 940 045f 0D       		.uleb128 0xd
 941 0460 3C000000 		.4byte	.LASF33
 942 0464 01       		.byte	0x1
 943 0465 11       		.byte	0x11
 944 0466 A5000000 		.4byte	0xa5
 945 046a 05       		.uleb128 0x5
 946 046b 03       		.byte	0x3
 947 046c 00000000 		.4byte	voltage_f
 948 0470 0D       		.uleb128 0xd
 949 0471 0D000000 		.4byte	.LASF34
 950 0475 01       		.byte	0x1
 951 0476 12       		.byte	0x12
 952 0477 A5000000 		.4byte	0xa5
 953 047b 05       		.uleb128 0x5
 954 047c 03       		.byte	0x3
 955 047d 00000000 		.4byte	thermistor_RA_f
 956 0481 0D       		.uleb128 0xd
 957 0482 BB030000 		.4byte	.LASF35
 958 0486 01       		.byte	0x1
 959 0487 12       		.byte	0x12
 960 0488 A5000000 		.4byte	0xa5
 961 048c 05       		.uleb128 0x5
 962 048d 03       		.byte	0x3
 963 048e 00000000 		.4byte	thermistor_RB_f
 964 0492 0D       		.uleb128 0xd
 965 0493 90020000 		.4byte	.LASF36
 966 0497 01       		.byte	0x1
 967 0498 13       		.byte	0x13
 968 0499 A5000000 		.4byte	0xa5
 969 049d 05       		.uleb128 0x5
 970 049e 03       		.byte	0x3
 971 049f 00000000 		.4byte	current_mA_f
 972 04a3 0D       		.uleb128 0xd
 973 04a4 61020000 		.4byte	.LASF37
 974 04a8 01       		.byte	0x1
 975 04a9 13       		.byte	0x13
 976 04aa A5000000 		.4byte	0xa5
 977 04ae 05       		.uleb128 0x5
 978 04af 03       		.byte	0x3
 979 04b0 00000000 		.4byte	temperature_K_f
 980 04b4 0D       		.uleb128 0xd
 981 04b5 43030000 		.4byte	.LASF38
 982 04b9 01       		.byte	0x1
 983 04ba 13       		.byte	0x13
 984 04bb A5000000 		.4byte	0xa5
 985 04bf 05       		.uleb128 0x5
 986 04c0 03       		.byte	0x3
 987 04c1 00000000 		.4byte	temperature_C_f
ARM GAS  C:\Users\Lukef\AppData\Local\Temp\ccL7A0XE.s 			page 21


 988 04c5 0E       		.uleb128 0xe
 989 04c6 CF020000 		.4byte	.LASF39
 990 04ca CF020000 		.4byte	.LASF39
 991 04ce 06       		.byte	0x6
 992 04cf 3A       		.byte	0x3a
 993 04d0 0E       		.uleb128 0xe
 994 04d1 83020000 		.4byte	.LASF40
 995 04d5 83020000 		.4byte	.LASF40
 996 04d9 07       		.byte	0x7
 997 04da 25       		.byte	0x25
 998 04db 0E       		.uleb128 0xe
 999 04dc 45010000 		.4byte	.LASF41
 1000 04e0 45010000 		.4byte	.LASF41
 1001 04e4 08       		.byte	0x8
 1002 04e5 38       		.byte	0x38
 1003 04e6 0E       		.uleb128 0xe
 1004 04e7 23030000 		.4byte	.LASF42
 1005 04eb 23030000 		.4byte	.LASF42
 1006 04ef 08       		.byte	0x8
 1007 04f0 3D       		.byte	0x3d
 1008 04f1 0E       		.uleb128 0xe
 1009 04f2 5B010000 		.4byte	.LASF43
 1010 04f6 5B010000 		.4byte	.LASF43
 1011 04fa 08       		.byte	0x8
 1012 04fb 3C       		.byte	0x3c
 1013 04fc 0E       		.uleb128 0xe
 1014 04fd 08040000 		.4byte	.LASF44
 1015 0501 08040000 		.4byte	.LASF44
 1016 0505 09       		.byte	0x9
 1017 0506 76       		.byte	0x76
 1018 0507 0E       		.uleb128 0xe
 1019 0508 8B030000 		.4byte	.LASF45
 1020 050c 8B030000 		.4byte	.LASF45
 1021 0510 0A       		.byte	0xa
 1022 0511 26       		.byte	0x26
 1023 0512 0E       		.uleb128 0xe
 1024 0513 FA030000 		.4byte	.LASF46
 1025 0517 FA030000 		.4byte	.LASF46
 1026 051b 07       		.byte	0x7
 1027 051c 57       		.byte	0x57
 1028 051d 0E       		.uleb128 0xe
 1029 051e D4030000 		.4byte	.LASF47
 1030 0522 D4030000 		.4byte	.LASF47
 1031 0526 06       		.byte	0x6
 1032 0527 3D       		.byte	0x3d
 1033 0528 0E       		.uleb128 0xe
 1034 0529 9E030000 		.4byte	.LASF48
 1035 052d 9E030000 		.4byte	.LASF48
 1036 0531 06       		.byte	0x6
 1037 0532 3F       		.byte	0x3f
 1038 0533 0E       		.uleb128 0xe
 1039 0534 3B020000 		.4byte	.LASF49
 1040 0538 3B020000 		.4byte	.LASF49
 1041 053c 06       		.byte	0x6
 1042 053d 41       		.byte	0x41
 1043 053e 0E       		.uleb128 0xe
 1044 053f EF020000 		.4byte	.LASF50
ARM GAS  C:\Users\Lukef\AppData\Local\Temp\ccL7A0XE.s 			page 22


 1045 0543 EF020000 		.4byte	.LASF50
 1046 0547 06       		.byte	0x6
 1047 0548 47       		.byte	0x47
 1048 0549 0E       		.uleb128 0xe
 1049 054a 6E000000 		.4byte	.LASF51
 1050 054e 6E000000 		.4byte	.LASF51
 1051 0552 0B       		.byte	0xb
 1052 0553 30       		.byte	0x30
 1053 0554 0E       		.uleb128 0xe
 1054 0555 90000000 		.4byte	.LASF52
 1055 0559 90000000 		.4byte	.LASF52
 1056 055d 0B       		.byte	0xb
 1057 055e 32       		.byte	0x32
 1058 055f 0E       		.uleb128 0xe
 1059 0560 1D000000 		.4byte	.LASF53
 1060 0564 1D000000 		.4byte	.LASF53
 1061 0568 0C       		.byte	0xc
 1062 0569 26       		.byte	0x26
 1063 056a 0E       		.uleb128 0xe
 1064 056b 2D010000 		.4byte	.LASF54
 1065 056f 2D010000 		.4byte	.LASF54
 1066 0573 08       		.byte	0x8
 1067 0574 3F       		.byte	0x3f
 1068 0575 0E       		.uleb128 0xe
 1069 0576 30030000 		.4byte	.LASF55
 1070 057a 30030000 		.4byte	.LASF55
 1071 057e 08       		.byte	0x8
 1072 057f 61       		.byte	0x61
 1073 0580 00       		.byte	0
 1074              		.section	.debug_abbrev,"",%progbits
 1075              	.Ldebug_abbrev0:
 1076 0000 01       		.uleb128 0x1
 1077 0001 11       		.uleb128 0x11
 1078 0002 01       		.byte	0x1
 1079 0003 25       		.uleb128 0x25
 1080 0004 0E       		.uleb128 0xe
 1081 0005 13       		.uleb128 0x13
 1082 0006 0B       		.uleb128 0xb
 1083 0007 03       		.uleb128 0x3
 1084 0008 0E       		.uleb128 0xe
 1085 0009 1B       		.uleb128 0x1b
 1086 000a 0E       		.uleb128 0xe
 1087 000b 55       		.uleb128 0x55
 1088 000c 17       		.uleb128 0x17
 1089 000d 11       		.uleb128 0x11
 1090 000e 01       		.uleb128 0x1
 1091 000f 10       		.uleb128 0x10
 1092 0010 17       		.uleb128 0x17
 1093 0011 00       		.byte	0
 1094 0012 00       		.byte	0
 1095 0013 02       		.uleb128 0x2
 1096 0014 24       		.uleb128 0x24
 1097 0015 00       		.byte	0
 1098 0016 0B       		.uleb128 0xb
 1099 0017 0B       		.uleb128 0xb
 1100 0018 3E       		.uleb128 0x3e
 1101 0019 0B       		.uleb128 0xb
ARM GAS  C:\Users\Lukef\AppData\Local\Temp\ccL7A0XE.s 			page 23


 1102 001a 03       		.uleb128 0x3
 1103 001b 0E       		.uleb128 0xe
 1104 001c 00       		.byte	0
 1105 001d 00       		.byte	0
 1106 001e 03       		.uleb128 0x3
 1107 001f 16       		.uleb128 0x16
 1108 0020 00       		.byte	0
 1109 0021 03       		.uleb128 0x3
 1110 0022 0E       		.uleb128 0xe
 1111 0023 3A       		.uleb128 0x3a
 1112 0024 0B       		.uleb128 0xb
 1113 0025 3B       		.uleb128 0x3b
 1114 0026 0B       		.uleb128 0xb
 1115 0027 49       		.uleb128 0x49
 1116 0028 13       		.uleb128 0x13
 1117 0029 00       		.byte	0
 1118 002a 00       		.byte	0
 1119 002b 04       		.uleb128 0x4
 1120 002c 24       		.uleb128 0x24
 1121 002d 00       		.byte	0
 1122 002e 0B       		.uleb128 0xb
 1123 002f 0B       		.uleb128 0xb
 1124 0030 3E       		.uleb128 0x3e
 1125 0031 0B       		.uleb128 0xb
 1126 0032 03       		.uleb128 0x3
 1127 0033 08       		.uleb128 0x8
 1128 0034 00       		.byte	0
 1129 0035 00       		.byte	0
 1130 0036 05       		.uleb128 0x5
 1131 0037 16       		.uleb128 0x16
 1132 0038 00       		.byte	0
 1133 0039 03       		.uleb128 0x3
 1134 003a 0E       		.uleb128 0xe
 1135 003b 3A       		.uleb128 0x3a
 1136 003c 0B       		.uleb128 0xb
 1137 003d 3B       		.uleb128 0x3b
 1138 003e 05       		.uleb128 0x5
 1139 003f 49       		.uleb128 0x49
 1140 0040 13       		.uleb128 0x13
 1141 0041 00       		.byte	0
 1142 0042 00       		.byte	0
 1143 0043 06       		.uleb128 0x6
 1144 0044 2E       		.uleb128 0x2e
 1145 0045 01       		.byte	0x1
 1146 0046 3F       		.uleb128 0x3f
 1147 0047 19       		.uleb128 0x19
 1148 0048 03       		.uleb128 0x3
 1149 0049 0E       		.uleb128 0xe
 1150 004a 3A       		.uleb128 0x3a
 1151 004b 0B       		.uleb128 0xb
 1152 004c 3B       		.uleb128 0x3b
 1153 004d 0B       		.uleb128 0xb
 1154 004e 27       		.uleb128 0x27
 1155 004f 19       		.uleb128 0x19
 1156 0050 49       		.uleb128 0x49
 1157 0051 13       		.uleb128 0x13
 1158 0052 8701     		.uleb128 0x87
ARM GAS  C:\Users\Lukef\AppData\Local\Temp\ccL7A0XE.s 			page 24


 1159 0054 19       		.uleb128 0x19
 1160 0055 11       		.uleb128 0x11
 1161 0056 01       		.uleb128 0x1
 1162 0057 12       		.uleb128 0x12
 1163 0058 06       		.uleb128 0x6
 1164 0059 40       		.uleb128 0x40
 1165 005a 18       		.uleb128 0x18
 1166 005b 9642     		.uleb128 0x2116
 1167 005d 19       		.uleb128 0x19
 1168 005e 01       		.uleb128 0x1
 1169 005f 13       		.uleb128 0x13
 1170 0060 00       		.byte	0
 1171 0061 00       		.byte	0
 1172 0062 07       		.uleb128 0x7
 1173 0063 898201   		.uleb128 0x4109
 1174 0066 00       		.byte	0
 1175 0067 11       		.uleb128 0x11
 1176 0068 01       		.uleb128 0x1
 1177 0069 31       		.uleb128 0x31
 1178 006a 13       		.uleb128 0x13
 1179 006b 00       		.byte	0
 1180 006c 00       		.byte	0
 1181 006d 08       		.uleb128 0x8
 1182 006e 898201   		.uleb128 0x4109
 1183 0071 01       		.byte	0x1
 1184 0072 11       		.uleb128 0x11
 1185 0073 01       		.uleb128 0x1
 1186 0074 31       		.uleb128 0x31
 1187 0075 13       		.uleb128 0x13
 1188 0076 01       		.uleb128 0x1
 1189 0077 13       		.uleb128 0x13
 1190 0078 00       		.byte	0
 1191 0079 00       		.byte	0
 1192 007a 09       		.uleb128 0x9
 1193 007b 8A8201   		.uleb128 0x410a
 1194 007e 00       		.byte	0
 1195 007f 02       		.uleb128 0x2
 1196 0080 18       		.uleb128 0x18
 1197 0081 9142     		.uleb128 0x2111
 1198 0083 18       		.uleb128 0x18
 1199 0084 00       		.byte	0
 1200 0085 00       		.byte	0
 1201 0086 0A       		.uleb128 0xa
 1202 0087 898201   		.uleb128 0x4109
 1203 008a 01       		.byte	0x1
 1204 008b 11       		.uleb128 0x11
 1205 008c 01       		.uleb128 0x1
 1206 008d 31       		.uleb128 0x31
 1207 008e 13       		.uleb128 0x13
 1208 008f 00       		.byte	0
 1209 0090 00       		.byte	0
 1210 0091 0B       		.uleb128 0xb
 1211 0092 34       		.uleb128 0x34
 1212 0093 00       		.byte	0
 1213 0094 03       		.uleb128 0x3
 1214 0095 0E       		.uleb128 0xe
 1215 0096 3A       		.uleb128 0x3a
ARM GAS  C:\Users\Lukef\AppData\Local\Temp\ccL7A0XE.s 			page 25


 1216 0097 0B       		.uleb128 0xb
 1217 0098 3B       		.uleb128 0x3b
 1218 0099 05       		.uleb128 0x5
 1219 009a 49       		.uleb128 0x49
 1220 009b 13       		.uleb128 0x13
 1221 009c 3F       		.uleb128 0x3f
 1222 009d 19       		.uleb128 0x19
 1223 009e 3C       		.uleb128 0x3c
 1224 009f 19       		.uleb128 0x19
 1225 00a0 00       		.byte	0
 1226 00a1 00       		.byte	0
 1227 00a2 0C       		.uleb128 0xc
 1228 00a3 35       		.uleb128 0x35
 1229 00a4 00       		.byte	0
 1230 00a5 49       		.uleb128 0x49
 1231 00a6 13       		.uleb128 0x13
 1232 00a7 00       		.byte	0
 1233 00a8 00       		.byte	0
 1234 00a9 0D       		.uleb128 0xd
 1235 00aa 34       		.uleb128 0x34
 1236 00ab 00       		.byte	0
 1237 00ac 03       		.uleb128 0x3
 1238 00ad 0E       		.uleb128 0xe
 1239 00ae 3A       		.uleb128 0x3a
 1240 00af 0B       		.uleb128 0xb
 1241 00b0 3B       		.uleb128 0x3b
 1242 00b1 0B       		.uleb128 0xb
 1243 00b2 49       		.uleb128 0x49
 1244 00b3 13       		.uleb128 0x13
 1245 00b4 3F       		.uleb128 0x3f
 1246 00b5 19       		.uleb128 0x19
 1247 00b6 02       		.uleb128 0x2
 1248 00b7 18       		.uleb128 0x18
 1249 00b8 00       		.byte	0
 1250 00b9 00       		.byte	0
 1251 00ba 0E       		.uleb128 0xe
 1252 00bb 2E       		.uleb128 0x2e
 1253 00bc 00       		.byte	0
 1254 00bd 3F       		.uleb128 0x3f
 1255 00be 19       		.uleb128 0x19
 1256 00bf 3C       		.uleb128 0x3c
 1257 00c0 19       		.uleb128 0x19
 1258 00c1 6E       		.uleb128 0x6e
 1259 00c2 0E       		.uleb128 0xe
 1260 00c3 03       		.uleb128 0x3
 1261 00c4 0E       		.uleb128 0xe
 1262 00c5 3A       		.uleb128 0x3a
 1263 00c6 0B       		.uleb128 0xb
 1264 00c7 3B       		.uleb128 0x3b
 1265 00c8 0B       		.uleb128 0xb
 1266 00c9 00       		.byte	0
 1267 00ca 00       		.byte	0
 1268 00cb 00       		.byte	0
 1269              		.section	.debug_aranges,"",%progbits
 1270 0000 1C000000 		.4byte	0x1c
 1271 0004 0200     		.2byte	0x2
 1272 0006 00000000 		.4byte	.Ldebug_info0
ARM GAS  C:\Users\Lukef\AppData\Local\Temp\ccL7A0XE.s 			page 26


 1273 000a 04       		.byte	0x4
 1274 000b 00       		.byte	0
 1275 000c 0000     		.2byte	0
 1276 000e 0000     		.2byte	0
 1277 0010 00000000 		.4byte	.LFB63
 1278 0014 24020000 		.4byte	.LFE63-.LFB63
 1279 0018 00000000 		.4byte	0
 1280 001c 00000000 		.4byte	0
 1281              		.section	.debug_ranges,"",%progbits
 1282              	.Ldebug_ranges0:
 1283 0000 00000000 		.4byte	.LFB63
 1284 0004 24020000 		.4byte	.LFE63
 1285 0008 00000000 		.4byte	0
 1286 000c 00000000 		.4byte	0
 1287              		.section	.debug_line,"",%progbits
 1288              	.Ldebug_line0:
 1289 0000 F2010000 		.section	.debug_str,"MS",%progbits,1
 1289      0200AB01 
 1289      00000201 
 1289      FB0E0D00 
 1289      01010101 
 1290              	.LASF20:
 1291 0000 6C6F6F70 		.ascii	"loop_counter\000"
 1291      5F636F75 
 1291      6E746572 
 1291      00
 1292              	.LASF34:
 1293 000d 74686572 		.ascii	"thermistor_RA_f\000"
 1293      6D697374 
 1293      6F725F52 
 1293      415F6600 
 1294              	.LASF53:
 1295 001d 50335F36 		.ascii	"P3_6_Write\000"
 1295      5F577269 
 1295      746500
 1296              	.LASF28:
 1297 0028 74656D70 		.ascii	"temperature_F\000"
 1297      65726174 
 1297      7572655F 
 1297      4600
 1298              	.LASF14:
 1299 0036 666C6F61 		.ascii	"float\000"
 1299      7400
 1300              	.LASF33:
 1301 003c 766F6C74 		.ascii	"voltage_f\000"
 1301      6167655F 
 1301      6600
 1302              	.LASF9:
 1303 0046 5F5F696E 		.ascii	"__int32_t\000"
 1303      7433325F 
 1303      7400
 1304              	.LASF25:
 1305 0050 74686572 		.ascii	"thermistor_mv\000"
 1305      6D697374 
 1305      6F725F6D 
 1305      7600
 1306              	.LASF31:
ARM GAS  C:\Users\Lukef\AppData\Local\Temp\ccL7A0XE.s 			page 27


 1307 005e 74686572 		.ascii	"thermistor_mv_f\000"
 1307      6D697374 
 1307      6F725F6D 
 1307      765F6600 
 1308              	.LASF51:
 1309 006e 416D6574 		.ascii	"Ametherm_1DC103K_EC_GetResistance\000"
 1309      6865726D 
 1309      5F314443 
 1309      3130334B 
 1309      5F45435F 
 1310              	.LASF52:
 1311 0090 416D6574 		.ascii	"Ametherm_1DC103K_EC_GetTemperature\000"
 1311      6865726D 
 1311      5F314443 
 1311      3130334B 
 1311      5F45435F 
 1312              	.LASF2:
 1313 00b3 73686F72 		.ascii	"short int\000"
 1313      7420696E 
 1313      7400
 1314              	.LASF15:
 1315 00bd 646F7562 		.ascii	"double\000"
 1315      6C6500
 1316              	.LASF24:
 1317 00c4 74686572 		.ascii	"thermistor_result\000"
 1317      6D697374 
 1317      6F725F72 
 1317      6573756C 
 1317      7400
 1318              	.LASF58:
 1319 00d6 433A5C55 		.ascii	"C:\\Users\\Lukef\\OneDrive\\Documents\\PSoC Creator"
 1319      73657273 
 1319      5C4C756B 
 1319      65665C4F 
 1319      6E654472 
 1320 0104 5C546865 		.ascii	"\\Thermistor_Lab\\Thermistor_Reading.cydsn\000"
 1320      726D6973 
 1320      746F725F 
 1320      4C61625C 
 1320      54686572 
 1321              	.LASF54:
 1322 012d 4C43445F 		.ascii	"LCD_IsReady\000"
 1322      49735265 
 1322      61647900 
 1323              	.LASF27:
 1324 0139 74656D70 		.ascii	"temperature\000"
 1324      65726174 
 1324      75726500 
 1325              	.LASF41:
 1326 0145 4C43445F 		.ascii	"LCD_Start\000"
 1326      53746172 
 1326      7400
 1327              	.LASF0:
 1328 014f 7369676E 		.ascii	"signed char\000"
 1328      65642063 
 1328      68617200 
 1329              	.LASF43:
ARM GAS  C:\Users\Lukef\AppData\Local\Temp\ccL7A0XE.s 			page 28


 1330 015b 4C43445F 		.ascii	"LCD_PrintString\000"
 1330      5072696E 
 1330      74537472 
 1330      696E6700 
 1331              	.LASF30:
 1332 016b 525F315F 		.ascii	"R_1_mv_f\000"
 1332      6D765F66 
 1332      00
 1333              	.LASF1:
 1334 0174 756E7369 		.ascii	"unsigned char\000"
 1334      676E6564 
 1334      20636861 
 1334      7200
 1335              	.LASF56:
 1336 0182 474E5520 		.ascii	"GNU C11 5.4.1 20160609 (release) [ARM/embedded-5-br"
 1336      43313120 
 1336      352E342E 
 1336      31203230 
 1336      31363036 
 1337 01b5 616E6368 		.ascii	"anch revision 237715] -mcpu=cortex-m3 -mthumb -g -O"
 1337      20726576 
 1337      6973696F 
 1337      6E203233 
 1337      37373135 
 1338 01e8 67202D66 		.ascii	"g -ffunction-sections -ffat-lto-objects\000"
 1338      66756E63 
 1338      74696F6E 
 1338      2D736563 
 1338      74696F6E 
 1339              	.LASF13:
 1340 0210 696E7431 		.ascii	"int16\000"
 1340      3600
 1341              	.LASF5:
 1342 0216 6C6F6E67 		.ascii	"long unsigned int\000"
 1342      20756E73 
 1342      69676E65 
 1342      6420696E 
 1342      7400
 1343              	.LASF3:
 1344 0228 73686F72 		.ascii	"short unsigned int\000"
 1344      7420756E 
 1344      7369676E 
 1344      65642069 
 1344      6E7400
 1345              	.LASF49:
 1346 023b 4144435F 		.ascii	"ADC_DelSig_1_GetResult16\000"
 1346      44656C53 
 1346      69675F31 
 1346      5F476574 
 1346      52657375 
 1347              	.LASF19:
 1348 0254 49544D5F 		.ascii	"ITM_RxBuffer\000"
 1348      52784275 
 1348      66666572 
 1348      00
 1349              	.LASF37:
 1350 0261 74656D70 		.ascii	"temperature_K_f\000"
ARM GAS  C:\Users\Lukef\AppData\Local\Temp\ccL7A0XE.s 			page 29


 1350      65726174 
 1350      7572655F 
 1350      4B5F6600 
 1351              	.LASF23:
 1352 0271 525F315F 		.ascii	"R_1_result\000"
 1352      72657375 
 1352      6C7400
 1353              	.LASF11:
 1354 027c 75696E74 		.ascii	"uint16\000"
 1354      313600
 1355              	.LASF40:
 1356 0283 414D7578 		.ascii	"AMux_1_Start\000"
 1356      5F315F53 
 1356      74617274 
 1356      00
 1357              	.LASF36:
 1358 0290 63757272 		.ascii	"current_mA_f\000"
 1358      656E745F 
 1358      6D415F66 
 1358      00
 1359              	.LASF26:
 1360 029d 525F315F 		.ascii	"R_1_mv\000"
 1360      6D7600
 1361              	.LASF29:
 1362 02a4 525F315F 		.ascii	"R_1_result_f\000"
 1362      72657375 
 1362      6C745F66 
 1362      00
 1363              	.LASF12:
 1364 02b1 75696E74 		.ascii	"uint32\000"
 1364      333200
 1365              	.LASF59:
 1366 02b8 6D61696E 		.ascii	"main\000"
 1366      00
 1367              	.LASF21:
 1368 02bd 4C43445F 		.ascii	"LCD_write_counter\000"
 1368      77726974 
 1368      655F636F 
 1368      756E7465 
 1368      7200
 1369              	.LASF39:
 1370 02cf 4144435F 		.ascii	"ADC_DelSig_1_Start\000"
 1370      44656C53 
 1370      69675F31 
 1370      5F537461 
 1370      727400
 1371              	.LASF8:
 1372 02e2 756E7369 		.ascii	"unsigned int\000"
 1372      676E6564 
 1372      20696E74 
 1372      00
 1373              	.LASF50:
 1374 02ef 4144435F 		.ascii	"ADC_DelSig_1_CountsTo_mVolts\000"
 1374      44656C53 
 1374      69675F31 
 1374      5F436F75 
 1374      6E747354 
ARM GAS  C:\Users\Lukef\AppData\Local\Temp\ccL7A0XE.s 			page 30


 1375              	.LASF7:
 1376 030c 6C6F6E67 		.ascii	"long long unsigned int\000"
 1376      206C6F6E 
 1376      6720756E 
 1376      7369676E 
 1376      65642069 
 1377              	.LASF42:
 1378 0323 4C43445F 		.ascii	"LCD_Position\000"
 1378      506F7369 
 1378      74696F6E 
 1378      00
 1379              	.LASF55:
 1380 0330 4C43445F 		.ascii	"LCD_PrintU32Number\000"
 1380      5072696E 
 1380      74553332 
 1380      4E756D62 
 1380      657200
 1381              	.LASF38:
 1382 0343 74656D70 		.ascii	"temperature_C_f\000"
 1382      65726174 
 1382      7572655F 
 1382      435F6600 
 1383              	.LASF10:
 1384 0353 696E7433 		.ascii	"int32_t\000"
 1384      325F7400 
 1385              	.LASF18:
 1386 035b 73697A65 		.ascii	"sizetype\000"
 1386      74797065 
 1386      00
 1387              	.LASF6:
 1388 0364 6C6F6E67 		.ascii	"long long int\000"
 1388      206C6F6E 
 1388      6720696E 
 1388      7400
 1389              	.LASF57:
 1390 0372 6D61696E 		.ascii	"main.c\000"
 1390      2E6300
 1391              	.LASF16:
 1392 0379 63686172 		.ascii	"char\000"
 1392      00
 1393              	.LASF22:
 1394 037e 74686572 		.ascii	"thermistor_R\000"
 1394      6D697374 
 1394      6F725F52 
 1394      00
 1395              	.LASF45:
 1396 038b 50335F35 		.ascii	"P3_5_Write\000"
 1396      5F577269 
 1396      746500
 1397              	.LASF32:
 1398 0396 72617469 		.ascii	"ratio_f\000"
 1398      6F5F6600 
 1399              	.LASF48:
 1400 039e 4144435F 		.ascii	"ADC_DelSig_1_IsEndConversion\000"
 1400      44656C53 
 1400      69675F31 
 1400      5F497345 
ARM GAS  C:\Users\Lukef\AppData\Local\Temp\ccL7A0XE.s 			page 31


 1400      6E64436F 
 1401              	.LASF35:
 1402 03bb 74686572 		.ascii	"thermistor_RB_f\000"
 1402      6D697374 
 1402      6F725F52 
 1402      425F6600 
 1403              	.LASF4:
 1404 03cb 6C6F6E67 		.ascii	"long int\000"
 1404      20696E74 
 1404      00
 1405              	.LASF47:
 1406 03d4 4144435F 		.ascii	"ADC_DelSig_1_StartConvert\000"
 1406      44656C53 
 1406      69675F31 
 1406      5F537461 
 1406      7274436F 
 1407              	.LASF17:
 1408 03ee 6C6F6E67 		.ascii	"long double\000"
 1408      20646F75 
 1408      626C6500 
 1409              	.LASF46:
 1410 03fa 414D7578 		.ascii	"AMux_1_Select\000"
 1410      5F315F53 
 1410      656C6563 
 1410      7400
 1411              	.LASF44:
 1412 0408 43794465 		.ascii	"CyDelay\000"
 1412      6C617900 
 1413              		.ident	"GCC: (GNU Tools for ARM Embedded Processors) 5.4.1 20160609 (release) [ARM/embedded-5-bran
